2025-09-06T18:04:57.878+05:30  INFO 46368 --- [PhysicianAvailabiltiyService] [restartedMain] .PhysicianAvailabiltiyServiceApplication : Starting PhysicianAvailabiltiyServiceApplication using Java 21.0.7 with PID 46368 (C:\WorkSpaces\Medibridge\PhysicianAvailabiltiyService\target\classes started by surje in C:\WorkSpaces\Medibridge\PhysicianAvailabiltiyService)
2025-09-06T18:04:57.880+05:30  INFO 46368 --- [PhysicianAvailabiltiyService] [restartedMain] .PhysicianAvailabiltiyServiceApplication : The following 1 profile is active: "local"
2025-09-06T18:04:57.916+05:30  INFO 46368 --- [PhysicianAvailabiltiyService] [restartedMain] .e.DevToolsPropertyDefaultsPostProcessor : Devtools property defaults active! Set 'spring.devtools.add-properties' to 'false' to disable
2025-09-06T18:04:57.943+05:30  INFO 46368 --- [PhysicianAvailabiltiyService] [restartedMain] .e.DevToolsPropertyDefaultsPostProcessor : For additional web related logging consider setting the 'logging.level.web' property to 'DEBUG'
2025-09-06T18:04:58.467+05:30  INFO 46368 --- [PhysicianAvailabiltiyService] [restartedMain] .s.d.r.c.RepositoryConfigurationDelegate : Bootstrapping Spring Data JPA repositories in DEFAULT mode.
2025-09-06T18:04:58.523+05:30  INFO 46368 --- [PhysicianAvailabiltiyService] [restartedMain] .s.d.r.c.RepositoryConfigurationDelegate : Finished Spring Data repository scanning in 48 ms. Found 1 JPA repository interface.
2025-09-06T18:04:58.945+05:30  INFO 46368 --- [PhysicianAvailabiltiyService] [restartedMain] o.s.b.w.embedded.tomcat.TomcatWebServer  : Tomcat initialized with port 9002 (http)
2025-09-06T18:04:58.956+05:30  INFO 46368 --- [PhysicianAvailabiltiyService] [restartedMain] o.apache.catalina.core.StandardService   : Starting service [Tomcat]
2025-09-06T18:04:58.957+05:30  INFO 46368 --- [PhysicianAvailabiltiyService] [restartedMain] o.apache.catalina.core.StandardEngine    : Starting Servlet engine: [Apache Tomcat/10.1.44]
2025-09-06T18:04:59.002+05:30  INFO 46368 --- [PhysicianAvailabiltiyService] [restartedMain] o.a.c.c.C.[Tomcat].[localhost].[/]       : Initializing Spring embedded WebApplicationContext
2025-09-06T18:04:59.002+05:30  INFO 46368 --- [PhysicianAvailabiltiyService] [restartedMain] w.s.c.ServletWebServerApplicationContext : Root WebApplicationContext: initialization completed in 1059 ms
2025-09-06T18:04:59.430+05:30  INFO 46368 --- [PhysicianAvailabiltiyService] [restartedMain] o.s.o.j.p.SpringPersistenceUnitInfo      : No LoadTimeWeaver setup: ignoring JPA class transformer
2025-09-06T18:04:59.457+05:30  INFO 46368 --- [PhysicianAvailabiltiyService] [restartedMain] com.zaxxer.hikari.HikariDataSource       : HikariPool-1 - Starting...
2025-09-06T18:04:59.737+05:30  INFO 46368 --- [PhysicianAvailabiltiyService] [restartedMain] com.zaxxer.hikari.pool.HikariPool        : HikariPool-1 - Added connection com.mysql.cj.jdbc.ConnectionImpl@4e66f885
2025-09-06T18:04:59.738+05:30  INFO 46368 --- [PhysicianAvailabiltiyService] [restartedMain] com.zaxxer.hikari.HikariDataSource       : HikariPool-1 - Start completed.
2025-09-06T18:05:00.566+05:30  INFO 46368 --- [PhysicianAvailabiltiyService] [restartedMain] j.LocalContainerEntityManagerFactoryBean : Initialized JPA EntityManagerFactory for persistence unit 'default'
2025-09-06T18:05:00.603+05:30  WARN 46368 --- [PhysicianAvailabiltiyService] [restartedMain] JpaBaseConfiguration$JpaWebConfiguration : spring.jpa.open-in-view is enabled by default. Therefore, database queries may be performed during view rendering. Explicitly configure spring.jpa.open-in-view to disable this warning
2025-09-06T18:05:00.987+05:30  INFO 46368 --- [PhysicianAvailabiltiyService] [restartedMain] o.s.d.j.r.query.QueryEnhancerFactory     : Hibernate is in classpath; If applicable, HQL parser will be used.
2025-09-06T18:05:01.120+05:30  INFO 46368 --- [PhysicianAvailabiltiyService] [restartedMain] .w.s.a.s.AnnotationActionEndpointMapping : Supporting [WS-Addressing August 2004, WS-Addressing 1.0]
2025-09-06T18:05:01.153+05:30  INFO 46368 --- [PhysicianAvailabiltiyService] [restartedMain] o.s.b.d.a.OptionalLiveReloadServer       : LiveReload server is running on port 35729
2025-09-06T18:05:01.187+05:30  INFO 46368 --- [PhysicianAvailabiltiyService] [restartedMain] o.s.b.w.embedded.tomcat.TomcatWebServer  : Tomcat started on port 9002 (http) with context path '/'
2025-09-06T18:05:01.194+05:30  INFO 46368 --- [PhysicianAvailabiltiyService] [restartedMain] .PhysicianAvailabiltiyServiceApplication : Started PhysicianAvailabiltiyServiceApplication in 3.712 seconds (process running for 4.289)
2025-09-06T18:05:07.155+05:30  INFO 46368 --- [PhysicianAvailabiltiyService] [RMI TCP Connection(6)-127.0.0.1] inMXBeanRegistrar$SpringApplicationAdmin : Application shutdown requested.
2025-09-06T18:05:07.157+05:30  INFO 46368 --- [PhysicianAvailabiltiyService] [RMI TCP Connection(6)-127.0.0.1] o.s.b.w.e.tomcat.GracefulShutdown        : Commencing graceful shutdown. Waiting for active requests to complete
2025-09-06T18:05:07.165+05:30  INFO 46368 --- [PhysicianAvailabiltiyService] [tomcat-shutdown] o.s.b.w.e.tomcat.GracefulShutdown        : Graceful shutdown complete
2025-09-06T18:05:07.169+05:30  INFO 46368 --- [PhysicianAvailabiltiyService] [RMI TCP Connection(6)-127.0.0.1] j.LocalContainerEntityManagerFactoryBean : Closing JPA EntityManagerFactory for persistence unit 'default'
2025-09-06T18:05:07.230+05:30  INFO 46368 --- [PhysicianAvailabiltiyService] [RMI TCP Connection(6)-127.0.0.1] com.zaxxer.hikari.HikariDataSource       : HikariPool-1 - Shutdown initiated...
2025-09-06T18:05:07.236+05:30  INFO 46368 --- [PhysicianAvailabiltiyService] [RMI TCP Connection(6)-127.0.0.1] com.zaxxer.hikari.HikariDataSource       : HikariPool-1 - Shutdown completed.
